<?xml version="1.0" encoding="UTF-8"?>
<!--
  ~ Copyright (c) 2012. betterFORM Project - http://www.betterform.de
  ~ Licensed under the terms of BSD License
  -->

<!-- $Id: test-default.xml 3508 2008-08-31 10:03:03Z lars $ -->
<betterform-config>
    <properties>
        <property name="xforms.schema" value="XFormsDatatypes11.xsd"/>
        
        <property name="test.property" value="test.value"/>
        <property name="betterform.stylesheets.compiled" value="false"/>

        <property name="betterform.web.dataPrefix" value="d"/>
        <property name="betterform.web.triggerPrefix" value="t"/>
        <property name="betterform.ui.initializeDeselectedCases" value="true"/>
        <property name="enable.l10n" value="false"/>
        <property name="betterform.debug-allowed" value="true" description="if debug may be switched by Url param 'debug'"/>
        <!-- WARNING: not ready for production use -->
        <property name="betterform.event-optimization-enabled" value="false" description="TBD: if event optimization is enabled, only events present within the current form will be processed"/>

		<!-- We only care that the substition of ${java.home} works in this case -->
		<property name="test.substitution.property" value="${java.home}/nonexistingfile.txt"/>
    </properties>

    <useragents>
        <useragent name="foo"
                   processor="foo.bar"
                   description="descriptive text">
        </useragent>
        <useragent name="bar"
                   processor="bar.baz"
                   description="descriptive text">
        </useragent>
    </useragents>

    <ui-generators>
        <ui-generator useragent="foo" stylesheet="dojo.xsl"/>
        <ui-generator useragent="bar" stylesheet="dojodev.xsl"/>
        <ui-generator useragent="baz" stylesheet="html4.xsl"/>
    </ui-generators>

    <!--You can specify an alternate connector factory class-->
    <connectors factoryClass="test.factory">
        <uri-resolver scheme="test.scheme" class="test.class"/>
        <submission-handler scheme="test.scheme" class="test.class"/>
        <uri-resolver scheme="file" class="de.betterform.fore.connector.file.FileURIResolver"/>
        
    </connectors>

</betterform-config>
